#
# There is insufficient memory for the Java Runtime Environment to continue.
# Native memory allocation (malloc) failed to allocate 1120016 bytes for Chunk::new
# Possible reasons:
#   The system is out of physical RAM or swap space
#   The process is running with CompressedOops enabled, and the Java Heap may be blocking the growth of the native heap
# Possible solutions:
#   Reduce memory load on the system
#   Increase physical memory or swap space
#   Check if swap backing store is full
#   Decrease Java heap size (-Xmx/-Xms)
#   Decrease number of Java threads
#   Decrease Java thread stack sizes (-Xss)
#   Set larger code cache with -XX:ReservedCodeCacheSize=
#   JVM is running with Unscaled Compressed Oops mode in which the Java heap is
#     placed in the first 4GB address space. The Java Heap base address is the
#     maximum limit for the native heap growth. Please use -XX:HeapBaseMinAddress
#     to set the Java Heap base and to place the Java Heap above 4GB virtual address.
# This output file may be truncated or incomplete.
#
#  Out of Memory Error (allocation.cpp:389), pid=8952, tid=0x00000000000015dc
#
# JRE version: OpenJDK Runtime Environment (8.0_202-b03) (build 1.8.0_202-release-1483-b03)
# Java VM: OpenJDK 64-Bit Server VM (25.202-b03 mixed mode windows-amd64 compressed oops)
# Failed to write core dump. Minidumps are not enabled by default on client versions of Windows
#

---------------  T H R E A D  ---------------

Current thread (0x0000000018766000):  JavaThread "C2 CompilerThread1" daemon [_thread_in_native, id=5596, stack(0x0000000019150000,0x0000000019250000)]

Stack: [0x0000000019150000,0x0000000019250000]
[error occurred during error reporting (printing stack bounds), id 0xc0000005]

Native frames: (J=compiled Java code, j=interpreted, Vv=VM code, C=native code)


Current CompileTask:
C2:  42925 9352   !   4       java.nio.file.FileTreeWalker::next (144 bytes)


---------------  P R O C E S S  ---------------

Java Threads: ( => current thread )
  0x0000000021758800 JavaThread "Cache worker for execution history cache (C:\USJT\5 SEM\PI\Mobile_Project\.gradle\5.4.1\executionHistory)" [_thread_blocked, id=8452, stack(0x0000000026020000,0x0000000026120000)]
  0x000000002175b800 JavaThread "Execution worker for ':' Thread 7" [_thread_blocked, id=9900, stack(0x0000000025f20000,0x0000000026020000)]
  0x000000002175c000 JavaThread "Execution worker for ':' Thread 6" [_thread_blocked, id=7352, stack(0x0000000025e20000,0x0000000025f20000)]
  0x0000000021757800 JavaThread "Execution worker for ':' Thread 5" [_thread_blocked, id=6112, stack(0x0000000025d20000,0x0000000025e20000)]
  0x000000002175a800 JavaThread "Execution worker for ':' Thread 4" [_thread_blocked, id=10400, stack(0x0000000025c20000,0x0000000025d20000)]
  0x000000001d952800 JavaThread "Execution worker for ':' Thread 3" [_thread_in_native, id=980, stack(0x0000000025b20000,0x0000000025c20000)]
  0x000000001d951800 JavaThread "Execution worker for ':' Thread 2" [_thread_blocked, id=6672, stack(0x0000000025a20000,0x0000000025b20000)]
  0x000000001d951000 JavaThread "Execution worker for ':'" [_thread_blocked, id=8688, stack(0x0000000025920000,0x0000000025a20000)]
  0x000000001d948800 JavaThread "Memory manager" [_thread_blocked, id=10968, stack(0x0000000024820000,0x0000000024920000)]
  0x000000001d94c000 JavaThread "Cache worker for Build Output Cleanup Cache (C:\USJT\5 SEM\PI\Mobile_Project\.gradle\buildOutputCleanup)" [_thread_blocked, id=5360, stack(0x0000000023d20000,0x0000000023e20000)]
  0x000000001d947800 JavaThread "pool-1-thread-1" [_thread_blocked, id=372, stack(0x0000000023a20000,0x0000000023b20000)]
  0x000000001d94d800 JavaThread "Build operations Thread 8" [_thread_blocked, id=12144, stack(0x0000000023520000,0x0000000023620000)]
  0x000000001d94b800 JavaThread "Build operations Thread 7" [_thread_blocked, id=7148, stack(0x0000000023420000,0x0000000023520000)]
  0x000000001d94e800 JavaThread "Build operations Thread 6" [_thread_blocked, id=9640, stack(0x0000000023320000,0x0000000023420000)]
  0x000000001d944000 JavaThread "Build operations Thread 5" [_thread_blocked, id=9376, stack(0x0000000023220000,0x0000000023320000)]
  0x000000001d94a000 JavaThread "Build operations Thread 4" [_thread_blocked, id=4420, stack(0x0000000023120000,0x0000000023220000)]
  0x000000001d94a800 JavaThread "Build operations Thread 3" [_thread_blocked, id=8916, stack(0x0000000023020000,0x0000000023120000)]
  0x000000001d947000 JavaThread "Build operations Thread 2" [_thread_blocked, id=6572, stack(0x0000000022f20000,0x0000000023020000)]
  0x000000001d945800 JavaThread "Build operations" [_thread_blocked, id=8904, stack(0x0000000022e20000,0x0000000022f20000)]
  0x000000001a40a000 JavaThread "Cache worker for execution history cache (C:\Users\rafae\.gradle\caches\5.4.1\executionHistory)" [_thread_blocked, id=11348, stack(0x0000000022320000,0x0000000022420000)]
  0x000000001a407000 JavaThread "Cache worker for cache directory md-rule (C:\Users\rafae\.gradle\caches\5.4.1\md-rule)" [_thread_blocked, id=8832, stack(0x0000000020010000,0x0000000020110000)]
  0x000000001a409800 JavaThread "Cache worker for cache directory md-supplier (C:\Users\rafae\.gradle\caches\5.4.1\md-supplier)" [_thread_blocked, id=3712, stack(0x000000001f930000,0x000000001fa30000)]
  0x000000001a408800 JavaThread "Cache worker for file hash cache (C:\USJT\5 SEM\PI\Mobile_Project\.gradle\5.4.1\fileHashes)" [_thread_blocked, id=9356, stack(0x000000001fb10000,0x000000001fc10000)]
  0x000000001a40c800 JavaThread "Cache worker for journal cache (C:\Users\rafae\.gradle\caches\journal-1)" [_thread_blocked, id=788, stack(0x000000001c4c0000,0x000000001c5c0000)]
  0x000000001a40b800 JavaThread "File lock request listener" [_thread_in_native, id=8500, stack(0x000000001c1c0000,0x000000001c2c0000)]
  0x000000001a2cd800 JavaThread "Cache worker for file hash cache (C:\Users\rafae\.gradle\caches\5.4.1\fileHashes)" [_thread_blocked, id=4832, stack(0x000000001c0c0000,0x000000001c1c0000)]
  0x000000001aa1a800 JavaThread "Thread-9" [_thread_blocked, id=10016, stack(0x000000001bfc0000,0x000000001c0c0000)]
  0x000000001a678000 JavaThread "Stdin handler" [_thread_blocked, id=2812, stack(0x000000001bec0000,0x000000001bfc0000)]
  0x0000000018885000 JavaThread "Asynchronous log dispatcher for DefaultDaemonConnection: socket connection from /127.0.0.1:59993 to /127.0.0.1:59994" [_thread_blocked, id=10696, stack(0x000000001bdc0000,0x000000001bec0000)]
  0x000000001ab89000 JavaThread "Daemon worker" [_thread_blocked, id=13036, stack(0x000000001bcc0000,0x000000001bdc0000)]
  0x000000001ab88800 JavaThread "Cancel handler" [_thread_blocked, id=12976, stack(0x000000001bbc0000,0x000000001bcc0000)]
  0x0000000019a3a000 JavaThread "Handler for socket connection from /127.0.0.1:59993 to /127.0.0.1:59994" [_thread_in_native, id=8540, stack(0x000000001b8c0000,0x000000001b9c0000)]
  0x00000000198b1000 JavaThread "Daemon" [_thread_blocked, id=10504, stack(0x000000001b7c0000,0x000000001b8c0000)]
  0x00000000198d6800 JavaThread "Daemon periodic checks" [_thread_blocked, id=12920, stack(0x000000001b6c0000,0x000000001b7c0000)]
  0x000000001980f000 JavaThread "Incoming local TCP Connector on port 59993" [_thread_in_native, id=6000, stack(0x000000001b460000,0x000000001b560000)]
  0x000000001a856800 JavaThread "Daemon health stats" [_thread_blocked, id=6012, stack(0x000000001ae20000,0x000000001af20000)]
  0x0000000018800000 JavaThread "Service Thread" daemon [_thread_blocked, id=4344, stack(0x0000000019450000,0x0000000019550000)]
  0x0000000018779000 JavaThread "C1 CompilerThread3" daemon [_thread_blocked, id=11652, stack(0x0000000019350000,0x0000000019450000)]
  0x000000001876b000 JavaThread "C2 CompilerThread2" daemon [_thread_blocked, id=9336, stack(0x0000000019250000,0x0000000019350000)]
=>0x0000000018766000 JavaThread "C2 CompilerThread1" daemon [_thread_in_native, id=5596, stack(0x0000000019150000,0x0000000019250000)]
  0x0000000018776000 JavaThread "C2 CompilerThread0" daemon [_thread_in_native, id=5960, stack(0x0000000019050000,0x0000000019150000)]
  0x0000000018775000 JavaThread "Attach Listener" daemon [_thread_blocked, id=11876, stack(0x0000000018f50000,0x0000000019050000)]
  0x0000000018771800 JavaThread "Signal Dispatcher" daemon [_thread_blocked, id=12404, stack(0x0000000018e50000,0x0000000018f50000)]
  0x0000000016961800 JavaThread "Finalizer" daemon [_thread_blocked, id=7244, stack(0x0000000018c40000,0x0000000018d40000)]
  0x0000000002b98000 JavaThread "Reference Handler" daemon [_thread_blocked, id=2440, stack(0x0000000018b40000,0x0000000018c40000)]
  0x000000000292e800 JavaThread "main" [_thread_blocked, id=4552, stack(0x0000000002930000,0x0000000002a30000)]

Other Threads:
  0x0000000016958000 VMThread [stack: 0x0000000018640000,0x0000000018740000] [id=9568]
  0x000000001876f800 WatcherThread [stack: 0x0000000019550000,0x0000000019650000] [id=9052]

VM state:not at safepoint (normal execution)

VM Mutex/Monitor currently owned by a thread: None

heap address: 0x00000000a0000000, size: 1536 MB, Compressed Oops mode: 32-bit
Narrow klass base: 0x0000000000000000, Narrow klass shift: 3
Compressed class space size: 1073741824 Address: 0x0000000100000000

Heap:
 PSYoungGen      total 172544K, used 140168K [0x00000000e0000000, 0x00000000ebe80000, 0x0000000100000000)
  eden space 154112K, 80% used [0x00000000e0000000,0x00000000e7870580,0x00000000e9680000)
  from space 18432K, 91% used [0x00000000eac80000,0x00000000ebcf1dd8,0x00000000ebe80000)
  to   space 20480K, 0% used [0x00000000e9680000,0x00000000e9680000,0x00000000eaa80000)
 ParOldGen       total 155136K, used 34387K [0x00000000a0000000, 0x00000000a9780000, 0x00000000e0000000)
  object space 155136K, 22% used [0x00000000a0000000,0x00000000a2194c88,0x00000000a9780000)
 Metaspace       used 69141K, capacity 72172K, committed 72408K, reserved 1112064K
  class space    used 9253K, capacity 9889K, committed 9944K, reserved 1048576K

Card table byte_map: [0x0000000011f60000,0x0000000012270000] byte_map_base: 0x0000000011a60000

Marking Bits: (ParMarkBitMap*) 0x00000000755a9f30
 Begin Bits: [0x0000000012c70000, 0x0000000014470000)
 End Bits:   [0x0000000014470000, 0x0000000015c70000)

Polling page: 0x00000000028a0000

CodeCache: size=245760Kb used=26277Kb max_used=26289Kb free=219482Kb
 bounds [0x0000000002ba0000, 0x0000000004570000, 0x0000000011ba0000]
 total_blobs=8898 nmethods=8075 adapters=736
 compilation: enabled

Compilation events (10 events):
Event: 42.549 Thread 0x000000001876b000 9370       4       org.gradle.api.internal.artifacts.transform.DefaultTransformationNodeRegistry$2::execute (9 bytes)
Event: 42.554 Thread 0x0000000018779000 9373       1       org.gradle.api.internal.artifacts.transform.PrecomputedTransformationResult::getTransformedSubject (5 bytes)
Event: 42.555 Thread 0x0000000018779000 nmethod 9373 0x0000000004565890 code [0x00000000045659e0, 0x0000000004565af0]
Event: 42.559 Thread 0x000000001876b000 nmethod 9370 0x000000000456a3d0 code [0x000000000456a540, 0x000000000456a958]
Event: 42.559 Thread 0x000000001876b000 9371   !   4       java.util.concurrent.ConcurrentHashMap::putVal (362 bytes)
Event: 42.567 Thread 0x0000000018779000 9374       1       org.gradle.internal.operations.OperationIdentifier::getId (5 bytes)
Event: 42.567 Thread 0x0000000018779000 nmethod 9374 0x0000000004565590 code [0x00000000045656e0, 0x00000000045657f0]
Event: 42.601 Thread 0x000000001876b000 nmethod 9371 0x000000000456d550 code [0x000000000456d720, 0x000000000456e720]
Event: 42.601 Thread 0x000000001876b000 9372       4       org.gradle.api.internal.artifacts.transform.TransformationStep::visitTransformationSteps (8 bytes)
Event: 42.608 Thread 0x000000001876b000 nmethod 9372 0x000000000456b550 code [0x000000000456b6c0, 0x000000000456baf8]

GC Heap History (10 events):
Event: 17.864 GC heap before
{Heap before GC invocations=13 (full 2):
 PSYoungGen      total 125952K, used 125783K [0x00000000e0000000, 0x00000000e9100000, 0x0000000100000000)
  eden space 116224K, 100% used [0x00000000e0000000,0x00000000e7180000,0x00000000e7180000)
  from space 9728K, 98% used [0x00000000e8780000,0x00000000e90d5d50,0x00000000e9100000)
  to   space 12288K, 0% used [0x00000000e7900000,0x00000000e7900000,0x00000000e8500000)
 ParOldGen       total 101376K, used 15810K [0x00000000a0000000, 0x00000000a6300000, 0x00000000e0000000)
  object space 101376K, 15% used [0x00000000a0000000,0x00000000a0f709a8,0x00000000a6300000)
 Metaspace       used 51706K, capacity 53602K, committed 53760K, reserved 1095680K
  class space    used 6874K, capacity 7298K, committed 7424K, reserved 1048576K
Event: 17.884 GC heap after
Heap after GC invocations=13 (full 2):
 PSYoungGen      total 136192K, used 12268K [0x00000000e0000000, 0x00000000ea680000, 0x0000000100000000)
  eden space 123904K, 0% used [0x00000000e0000000,0x00000000e0000000,0x00000000e7900000)
  from space 12288K, 99% used [0x00000000e7900000,0x00000000e84fb310,0x00000000e8500000)
  to   space 16384K, 0% used [0x00000000e9680000,0x00000000e9680000,0x00000000ea680000)
 ParOldGen       total 101376K, used 23423K [0x00000000a0000000, 0x00000000a6300000, 0x00000000e0000000)
  object space 101376K, 23% used [0x00000000a0000000,0x00000000a16dfea8,0x00000000a6300000)
 Metaspace       used 51706K, capacity 53602K, committed 53760K, reserved 1095680K
  class space    used 6874K, capacity 7298K, committed 7424K, reserved 1048576K
}
Event: 19.094 GC heap before
{Heap before GC invocations=14 (full 2):
 PSYoungGen      total 136192K, used 87381K [0x00000000e0000000, 0x00000000ea680000, 0x0000000100000000)
  eden space 123904K, 60% used [0x00000000e0000000,0x00000000e495a0f8,0x00000000e7900000)
  from space 12288K, 99% used [0x00000000e7900000,0x00000000e84fb310,0x00000000e8500000)
  to   space 16384K, 0% used [0x00000000e9680000,0x00000000e9680000,0x00000000ea680000)
 ParOldGen       total 101376K, used 23423K [0x00000000a0000000, 0x00000000a6300000, 0x00000000e0000000)
  object space 101376K, 23% used [0x00000000a0000000,0x00000000a16dfea8,0x00000000a6300000)
 Metaspace       used 56943K, capacity 58984K, committed 59096K, reserved 1099776K
  class space    used 7632K, capacity 8076K, committed 8152K, reserved 1048576K
Event: 19.115 GC heap after
Heap after GC invocations=14 (full 2):
 PSYoungGen      total 151040K, used 16361K [0x00000000e0000000, 0x00000000eb900000, 0x0000000100000000)
  eden space 134656K, 0% used [0x00000000e0000000,0x00000000e0000000,0x00000000e8380000)
  from space 16384K, 99% used [0x00000000e9680000,0x00000000ea67a4a8,0x00000000ea680000)
  to   space 19456K, 0% used [0x00000000e8380000,0x00000000e8380000,0x00000000e9680000)
 ParOldGen       total 101376K, used 26841K [0x00000000a0000000, 0x00000000a6300000, 0x00000000e0000000)
  object space 101376K, 26% used [0x00000000a0000000,0x00000000a1a36648,0x00000000a6300000)
 Metaspace       used 56943K, capacity 58984K, committed 59096K, reserved 1099776K
  class space    used 7632K, capacity 8076K, committed 8152K, reserved 1048576K
}
Event: 19.115 GC heap before
{Heap before GC invocations=15 (full 3):
 PSYoungGen      total 151040K, used 16361K [0x00000000e0000000, 0x00000000eb900000, 0x0000000100000000)
  eden space 134656K, 0% used [0x00000000e0000000,0x00000000e0000000,0x00000000e8380000)
  from space 16384K, 99% used [0x00000000e9680000,0x00000000ea67a4a8,0x00000000ea680000)
  to   space 19456K, 0% used [0x00000000e8380000,0x00000000e8380000,0x00000000e9680000)
 ParOldGen       total 101376K, used 26841K [0x00000000a0000000, 0x00000000a6300000, 0x00000000e0000000)
  object space 101376K, 26% used [0x00000000a0000000,0x00000000a1a36648,0x00000000a6300000)
 Metaspace       used 56943K, capacity 58984K, committed 59096K, reserved 1099776K
  class space    used 7632K, capacity 8076K, committed 8152K, reserved 1048576K
Event: 19.475 GC heap after
Heap after GC invocations=15 (full 3):
 PSYoungGen      total 151040K, used 0K [0x00000000e0000000, 0x00000000eb900000, 0x0000000100000000)
  eden space 134656K, 0% used [0x00000000e0000000,0x00000000e0000000,0x00000000e8380000)
  from space 16384K, 0% used [0x00000000e9680000,0x00000000e9680000,0x00000000ea680000)
  to   space 19456K, 0% used [0x00000000e8380000,0x00000000e8380000,0x00000000e9680000)
 ParOldGen       total 155136K, used 34307K [0x00000000a0000000, 0x00000000a9780000, 0x00000000e0000000)
  object space 155136K, 22% used [0x00000000a0000000,0x00000000a2180c78,0x00000000a9780000)
 Metaspace       used 56846K, capacity 58682K, committed 59096K, reserved 1099776K
  class space    used 7604K, capacity 8036K, committed 8152K, reserved 1048576K
}
Event: 25.158 GC heap before
{Heap before GC invocations=16 (full 3):
 PSYoungGen      total 151040K, used 134656K [0x00000000e0000000, 0x00000000eb900000, 0x0000000100000000)
  eden space 134656K, 100% used [0x00000000e0000000,0x00000000e8380000,0x00000000e8380000)
  from space 16384K, 0% used [0x00000000e9680000,0x00000000e9680000,0x00000000ea680000)
  to   space 19456K, 0% used [0x00000000e8380000,0x00000000e8380000,0x00000000e9680000)
 ParOldGen       total 155136K, used 34307K [0x00000000a0000000, 0x00000000a9780000, 0x00000000e0000000)
  object space 155136K, 22% used [0x00000000a0000000,0x00000000a2180c78,0x00000000a9780000)
 Metaspace       used 64494K, capacity 66804K, committed 66904K, reserved 1107968K
  class space    used 8760K, capacity 9267K, committed 9304K, reserved 1048576K
Event: 25.181 GC heap after
Heap after GC invocations=16 (full 3):
 PSYoungGen      total 154112K, used 11130K [0x00000000e0000000, 0x00000000ebf00000, 0x0000000100000000)
  eden space 134656K, 0% used [0x00000000e0000000,0x00000000e0000000,0x00000000e8380000)
  from space 19456K, 57% used [0x00000000e8380000,0x00000000e8e5eab8,0x00000000e9680000)
  to   space 18944K, 0% used [0x00000000eac80000,0x00000000eac80000,0x00000000ebf00000)
 ParOldGen       total 155136K, used 34379K [0x00000000a0000000, 0x00000000a9780000, 0x00000000e0000000)
  object space 155136K, 22% used [0x00000000a0000000,0x00000000a2192c88,0x00000000a9780000)
 Metaspace       used 64494K, capacity 66804K, committed 66904K, reserved 1107968K
  class space    used 8760K, capacity 9267K, committed 9304K, reserved 1048576K
}
Event: 39.297 GC heap before
{Heap before GC invocations=17 (full 3):
 PSYoungGen      total 154112K, used 145786K [0x00000000e0000000, 0x00000000ebf00000, 0x0000000100000000)
  eden space 134656K, 100% used [0x00000000e0000000,0x00000000e8380000,0x00000000e8380000)
  from space 19456K, 57% used [0x00000000e8380000,0x00000000e8e5eab8,0x00000000e9680000)
  to   space 18944K, 0% used [0x00000000eac80000,0x00000000eac80000,0x00000000ebf00000)
 ParOldGen       total 155136K, used 34379K [0x00000000a0000000, 0x00000000a9780000, 0x00000000e0000000)
  object space 155136K, 22% used [0x00000000a0000000,0x00000000a2192c88,0x00000000a9780000)
 Metaspace       used 67622K, capacity 70528K, committed 70744K, reserved 1110016K
  class space    used 9124K, capacity 9741K, committed 9816K, reserved 1048576K
Event: 39.320 GC heap after
Heap after GC invocations=17 (full 3):
 PSYoungGen      total 172544K, used 16839K [0x00000000e0000000, 0x00000000ebe80000, 0x0000000100000000)
  eden space 154112K, 0% used [0x00000000e0000000,0x00000000e0000000,0x00000000e9680000)
  from space 18432K, 91% used [0x00000000eac80000,0x00000000ebcf1dd8,0x00000000ebe80000)
  to   space 20480K, 0% used [0x00000000e9680000,0x00000000e9680000,0x00000000eaa80000)
 ParOldGen       total 155136K, used 34387K [0x00000000a0000000, 0x00000000a9780000, 0x00000000e0000000)
  object space 155136K, 22% used [0x00000000a0000000,0x00000000a2194c88,0x00000000a9780000)
 Metaspace       used 67622K, capacity 70528K, committed 70744K, reserved 1110016K
  class space    used 9124K, capacity 9741K, committed 9816K, reserved 1048576K
}

Deoptimization events (10 events):
Event: 41.570 Thread 0x000000001d952800 Uncommon trap: reason=class_check action=maybe_recompile pc=0x00000000036f4d30 method=com.google.common.collect.NaturalOrdering.compare(Ljava/lang/Object;Ljava/lang/Object;)I @ 2
Event: 41.570 Thread 0x000000001d952800 Uncommon trap: reason=class_check action=maybe_recompile pc=0x00000000036f4d30 method=com.google.common.collect.NaturalOrdering.compare(Ljava/lang/Object;Ljava/lang/Object;)I @ 2
Event: 41.570 Thread 0x000000001d952800 Uncommon trap: reason=class_check action=maybe_recompile pc=0x00000000036f4d30 method=com.google.common.collect.NaturalOrdering.compare(Ljava/lang/Object;Ljava/lang/Object;)I @ 2
Event: 41.605 Thread 0x0000000021758800 Uncommon trap: reason=bimorphic action=maybe_recompile pc=0x00000000033836f0 method=java.io.DataOutputStream.writeShort(I)V @ 12
Event: 41.967 Thread 0x000000001ab89000 Uncommon trap: reason=unstable_if action=reinterpret pc=0x0000000003faa238 method=java.util.concurrent.ConcurrentLinkedQueue.poll()Ljava/lang/Object; @ 25
Event: 42.084 Thread 0x000000001d952800 Uncommon trap: reason=null_check action=make_not_entrant pc=0x00000000042d1454 method=org.gradle.tooling.internal.provider.runner.SubtreeFilteringBuildOperationListener.started(Lorg/gradle/internal/operations/BuildOperationDescriptor;Lorg/gradle/internal/
Event: 42.207 Thread 0x000000001d952800 Uncommon trap: reason=null_check action=make_not_entrant pc=0x00000000042df960 method=org.gradle.tooling.internal.provider.runner.SubtreeFilteringBuildOperationListener.finished(Lorg/gradle/internal/operations/BuildOperationDescriptor;Lorg/gradle/internal
Event: 42.219 Thread 0x000000001d952800 Uncommon trap: reason=bimorphic action=maybe_recompile pc=0x00000000042f719c method=java.io.ObjectOutputStream$BlockDataOutputStream.drain()V @ 36
Event: 42.220 Thread 0x000000001d952800 Uncommon trap: reason=bimorphic action=maybe_recompile pc=0x00000000042f719c method=java.io.ObjectOutputStream$BlockDataOutputStream.drain()V @ 36
Event: 42.221 Thread 0x000000001d952800 Uncommon trap: reason=bimorphic action=maybe_recompile pc=0x00000000041fd014 method=java.io.ObjectOutputStream$BlockDataOutputStream.drain()V @ 36

Classes redefined (0 events):
No events

Internal exceptions (10 events):
Event: 40.610 Thread 0x000000001d951800 Exception <a 'sun/nio/fs/WindowsException'> (0x00000000e4133268) thrown at [D:\src\AOSP-openjdk-cygwin\jdk8u\hotspot\src\share\vm\prims\jni.cpp, line 710]
Event: 40.621 Thread 0x0000000021757800 Exception <a 'sun/nio/fs/WindowsException'> (0x00000000e42956f8) thrown at [D:\src\AOSP-openjdk-cygwin\jdk8u\hotspot\src\share\vm\prims\jni.cpp, line 710]
Event: 40.811 Thread 0x000000001ab89000 Exception <a 'sun/nio/fs/WindowsException'> (0x00000000e04b7178) thrown at [D:\src\AOSP-openjdk-cygwin\jdk8u\hotspot\src\share\vm\prims\jni.cpp, line 710]
Event: 40.840 Thread 0x000000001d952800 Exception <a 'sun/nio/fs/WindowsException'> (0x00000000e4367028) thrown at [D:\src\AOSP-openjdk-cygwin\jdk8u\hotspot\src\share\vm\prims\jni.cpp, line 710]
Event: 41.515 Thread 0x000000001aa1a800 Exception <a 'java/lang/NoSuchMethodError': <clinit>> (0x00000000e00898f0) thrown at [D:\src\AOSP-openjdk-cygwin\jdk8u\hotspot\src\share\vm\prims\jni.cpp, line 1614]
Event: 42.083 Thread 0x000000001d952800 Implicit null exception at 0x00000000042cfbda to 0x00000000042d142d
Event: 42.207 Thread 0x000000001d952800 Implicit null exception at 0x00000000042deb9b to 0x00000000042df941
Event: 42.215 Thread 0x000000001aa1a800 Exception <a 'java/lang/NoSuchMethodError': <clinit>> (0x00000000e71e7d08) thrown at [D:\src\AOSP-openjdk-cygwin\jdk8u\hotspot\src\share\vm\prims\jni.cpp, line 1614]
Event: 42.218 Thread 0x000000001d952800 Exception <a 'java/lang/NoSuchMethodError': <clinit>> (0x00000000e71fc480) thrown at [D:\src\AOSP-openjdk-cygwin\jdk8u\hotspot\src\share\vm\prims\jni.cpp, line 1614]
Event: 42.241 Thread 0x000000001d952800 Exception <a 'sun/nio/fs/WindowsException'> (0x00000000e72b6410) thrown at [D:\src\AOSP-openjdk-cygwin\jdk8u\hotspot\src\share\vm\prims\jni.cpp, line 710]

Events (10 events):
Event: 42.287 loading class com/android/build/gradle/internal/scope/ApkData
Event: 42.287 loading class com/android/build/gradle/internal/scope/ApkData done
Event: 42.289 loading class org/gradle/internal/fingerprint/impl/RelativePathFingerprintingStrategy$1
Event: 42.289 loading class org/gradle/internal/fingerprint/impl/RelativePathFingerprintingStrategy$1 done
Event: 42.291 loading class org/gradle/internal/fingerprint/impl/IgnoredPathFingerprintingStrategy$1
Event: 42.291 loading class org/gradle/internal/fingerprint/impl/IgnoredPathFingerprintingStrategy$1 done
Event: 42.294 loading class org/gradle/api/internal/artifacts/transform/PrecomputedTransformationResult
Event: 42.294 loading class org/gradle/api/internal/artifacts/transform/PrecomputedTransformationResult done
Event: 42.295 Executing VM operation: Deoptimize
Event: 42.297 Executing VM operation: Deoptimize done


Dynamic libraries:
0x00007ff764970000 - 0x00007ff7649a1000 	C:\Program Files\Android\Android Studio\jre\bin\java.exe
0x00007ff8cb000000 - 0x00007ff8cb1f0000 	C:\WINDOWS\SYSTEM32\ntdll.dll
0x00007ff8c90b0000 - 0x00007ff8c9162000 	C:\WINDOWS\System32\KERNEL32.DLL
0x00007ff8c81e0000 - 0x00007ff8c8483000 	C:\WINDOWS\System32\KERNELBASE.dll
0x00007ff8c9230000 - 0x00007ff8c92d3000 	C:\WINDOWS\System32\ADVAPI32.dll
0x00007ff8c9af0000 - 0x00007ff8c9b8e000 	C:\WINDOWS\System32\msvcrt.dll
0x00007ff8cae00000 - 0x00007ff8cae97000 	C:\WINDOWS\System32\sechost.dll
0x00007ff8c92e0000 - 0x00007ff8c9400000 	C:\WINDOWS\System32\RPCRT4.dll
0x00007ff8ca1e0000 - 0x00007ff8ca374000 	C:\WINDOWS\System32\USER32.dll
0x00007ff8c8190000 - 0x00007ff8c81b1000 	C:\WINDOWS\System32\win32u.dll
0x00007ff8c9200000 - 0x00007ff8c9226000 	C:\WINDOWS\System32\GDI32.dll
0x00007ff8c8ee0000 - 0x00007ff8c9074000 	C:\WINDOWS\System32\gdi32full.dll
0x00007ff8c8590000 - 0x00007ff8c862e000 	C:\WINDOWS\System32\msvcp_win.dll
0x00007ff8c8490000 - 0x00007ff8c858a000 	C:\WINDOWS\System32\ucrtbase.dll
0x00007ff8aded0000 - 0x00007ff8ae155000 	C:\WINDOWS\WinSxS\amd64_microsoft.windows.common-controls_6595b64144ccf1df_6.0.18362.418_none_e6c6b287130d565d\COMCTL32.dll
0x00007ff8caa50000 - 0x00007ff8cad86000 	C:\WINDOWS\System32\combase.dll
0x00007ff8c8db0000 - 0x00007ff8c8e30000 	C:\WINDOWS\System32\bcryptPrimitives.dll
0x00007ff8c9080000 - 0x00007ff8c90ae000 	C:\WINDOWS\System32\IMM32.DLL
0x0000000074bf0000 - 0x0000000074cc2000 	C:\Program Files\Android\Android Studio\jre\jre\bin\msvcr100.dll
0x0000000074de0000 - 0x0000000075626000 	C:\Program Files\Android\Android Studio\jre\jre\bin\server\jvm.dll
0x00007ff8c9170000 - 0x00007ff8c9178000 	C:\WINDOWS\System32\PSAPI.DLL
0x00007ff8c0c80000 - 0x00007ff8c0ca4000 	C:\WINDOWS\SYSTEM32\WINMM.dll
0x00007ff8befd0000 - 0x00007ff8befda000 	C:\WINDOWS\SYSTEM32\VERSION.dll
0x00007ff8b7ae0000 - 0x00007ff8b7ae9000 	C:\WINDOWS\SYSTEM32\WSOCK32.dll
0x00007ff8c9f80000 - 0x00007ff8c9fef000 	C:\WINDOWS\System32\WS2_32.dll
0x00007ff8c0c50000 - 0x00007ff8c0c7d000 	C:\WINDOWS\SYSTEM32\winmmbase.dll
0x00007ff8c8e30000 - 0x00007ff8c8e7a000 	C:\WINDOWS\System32\cfgmgr32.dll
0x00007ff8be340000 - 0x00007ff8be34f000 	C:\Program Files\Android\Android Studio\jre\jre\bin\verify.dll
0x00007ff8bc910000 - 0x00007ff8bc939000 	C:\Program Files\Android\Android Studio\jre\jre\bin\java.dll
0x00007ff8ba230000 - 0x00007ff8ba246000 	C:\Program Files\Android\Android Studio\jre\jre\bin\zip.dll
0x00007ff8c9400000 - 0x00007ff8c9ae5000 	C:\WINDOWS\System32\SHELL32.dll
0x00007ff8ca130000 - 0x00007ff8ca1d9000 	C:\WINDOWS\System32\shcore.dll
0x00007ff8c8630000 - 0x00007ff8c8daf000 	C:\WINDOWS\System32\windows.storage.dll
0x00007ff8c7f20000 - 0x00007ff8c7f3f000 	C:\WINDOWS\System32\profapi.dll
0x00007ff8c7ed0000 - 0x00007ff8c7f1a000 	C:\WINDOWS\System32\powrprof.dll
0x00007ff8c7ea0000 - 0x00007ff8c7eb0000 	C:\WINDOWS\System32\UMPDC.dll
0x00007ff8cad90000 - 0x00007ff8cade2000 	C:\WINDOWS\System32\shlwapi.dll
0x00007ff8c7eb0000 - 0x00007ff8c7ec1000 	C:\WINDOWS\System32\kernel.appcore.dll
0x00007ff8c81c0000 - 0x00007ff8c81d7000 	C:\WINDOWS\System32\cryptsp.dll
0x00007ff8ba210000 - 0x00007ff8ba22a000 	C:\Program Files\Android\Android Studio\jre\jre\bin\net.dll
0x00007ff8c7710000 - 0x00007ff8c7777000 	C:\WINDOWS\system32\mswsock.dll
0x00007ff8b6980000 - 0x00007ff8b6991000 	C:\Program Files\Android\Android Studio\jre\jre\bin\nio.dll
0x00007ff8bb080000 - 0x00007ff8bb0a6000 	C:\Users\rafae\.gradle\native\29\windows-amd64\native-platform.dll
0x00007ff8be330000 - 0x00007ff8be33d000 	C:\Program Files\Android\Android Studio\jre\jre\bin\management.dll
0x00007ff8c7280000 - 0x00007ff8c72b3000 	C:\WINDOWS\system32\rsaenh.dll
0x00007ff8c8160000 - 0x00007ff8c8186000 	C:\WINDOWS\System32\bcrypt.dll
0x00007ff8c7dc0000 - 0x00007ff8c7de5000 	C:\WINDOWS\SYSTEM32\USERENV.dll
0x00007ff8c78e0000 - 0x00007ff8c78ec000 	C:\WINDOWS\SYSTEM32\CRYPTBASE.dll
0x00007ff8c7420000 - 0x00007ff8c745a000 	C:\WINDOWS\SYSTEM32\IPHLPAPI.DLL
0x00007ff8c9f70000 - 0x00007ff8c9f78000 	C:\WINDOWS\System32\NSI.dll
0x00007ff8bd790000 - 0x00007ff8bd7a6000 	C:\WINDOWS\SYSTEM32\dhcpcsvc6.DLL
0x00007ff8bdfa0000 - 0x00007ff8bdfbc000 	C:\WINDOWS\SYSTEM32\dhcpcsvc.DLL
0x00007ff8c7460000 - 0x00007ff8c752a000 	C:\WINDOWS\SYSTEM32\DNSAPI.dll

VM Arguments:
jvm_args: -Xmx1536m -Dfile.encoding=windows-1252 -Duser.country=BR -Duser.language=pt -Duser.variant 
java_command: org.gradle.launcher.daemon.bootstrap.GradleDaemon 5.4.1
java_class_path (initial): C:\Users\rafae\.gradle\wrapper\dists\gradle-5.4.1-all\3221gyojl5jsh0helicew7rwx\gradle-5.4.1\lib\gradle-launcher-5.4.1.jar
Launcher Type: SUN_STANDARD

Environment Variables:
JAVA_HOME=C:\Program Files\Java\jdk-11.0.2
PATH=C:\Program Files (x86)\Intel\Intel(R) Management Engine Components\iCLS\;C:\Program Files\Intel\Intel(R) Management Engine Components\iCLS\;C:\windows\system32;C:\windows;C:\windows\System32\Wbem;C:\windows\System32\WindowsPowerShell\v1.0\;C:\Program Files (x86)\NVIDIA Corporation\PhysX\Common;C:\Program Files (x86)\Intel\Intel(R) Management Engine Components\DAL;C:\Program Files\Intel\Intel(R) Management Engine Components\DAL;C:\Program Files (x86)\Intel\Intel(R) Management Engine Components\IPT;C:\Program Files\Intel\Intel(R) Management Engine Components\IPT;C:\Program Files\Java\jdk-11.0.2\bin;C:\WINDOWS\system32;C:\WINDOWS;C:\WINDOWS\System32\Wbem;C:\WINDOWS\System32\WindowsPowerShell\v1.0\;C:\WINDOWS\System32\OpenSSH\;C:\Program Files\Git\cmd;C:\Program Files\nodejs\;C:\Program Files\MySQL\MySQL Shell 8.0\bin\;C:\Users\rafae\AppData\Local\Microsoft\WindowsApps;;C:\Users\rafae\AppData\Local\Programs\Microsoft VS Code\bin;C:\Users\rafae\AppData\Roaming\npm
USERNAME=rafae
OS=Windows_NT
PROCESSOR_IDENTIFIER=Intel64 Family 6 Model 142 Stepping 10, GenuineIntel



---------------  S Y S T E M  ---------------

OS: Windows 10.0 , 64 bit Build 18362 (10.0.18362.329)

CPU:total 8 (initial active 8) (4 cores per cpu, 2 threads per core) family 6 model 142 stepping 10, cmov, cx8, fxsr, mmx, sse, sse2, sse3, ssse3, sse4.1, sse4.2, popcnt, avx, avx2, aes, clmul, erms, 3dnowpref, lzcnt, ht, tsc, tscinvbit, bmi1, bmi2, adx

Memory: 4k page, physical 8300912k(462764k free), swap 8300912k(5928k free)

vm_info: OpenJDK 64-Bit Server VM (25.202-b03) for windows-amd64 JRE (1.8.0_202-release-1483-b03), built by "builder" with MS VC++ 10.0 (VS2010)

time: Sat Nov 23 12:33:27 2019
timezone: Hora oficial do Brasil
elapsed time: 42 seconds (0d 0h 0m 42s)

